This file contains any messages produced by compilers while
running configure, to aid debugging if configure makes a mistake.

It was created by modsecurity configure 2.8, which was
generated by GNU Autoconf 2.63.  Invocation command line was

  $ ./configure --enable-standalone-module --disable-mlogc

## --------- ##
## Platform. ##
## --------- ##

hostname = hungdq-test
uname -m = x86_64
uname -r = 2.6.32-504.12.2.el6.x86_64
uname -s = Linux
uname -v = #1 SMP Wed Mar 11 22:03:14 UTC 2015

/usr/bin/uname -p = unknown
/bin/uname -X     = unknown

/bin/arch              = x86_64
/usr/bin/arch -k       = unknown
/usr/convex/getsysinfo = unknown
/usr/bin/hostinfo      = unknown
/bin/machine           = unknown
/usr/bin/oslevel       = unknown
/bin/universe          = unknown

PATH: /usr/local/sbin
PATH: /usr/local/bin
PATH: /sbin
PATH: /bin
PATH: /usr/sbin
PATH: /usr/bin
PATH: /root/bin


## ----------- ##
## Core tests. ##
## ----------- ##

configure:2253: checking for a BSD-compatible install
configure:2321: result: /usr/bin/install -c
configure:2332: checking whether build environment is sane
configure:2392: result: yes
configure:2533: checking for a thread-safe mkdir -p
configure:2572: result: /bin/mkdir -p
configure:2585: checking for gawk
configure:2601: found /bin/gawk
configure:2612: result: gawk
configure:2623: checking whether make sets $(MAKE)
configure:2645: result: yes
configure:2761: checking build system type
configure:2779: result: x86_64-unknown-linux-gnu
configure:2801: checking host system type
configure:2816: result: x86_64-unknown-linux-gnu
configure:2850: checking for style of include used by make
configure:2878: result: GNU
configure:2948: checking for gcc
configure:2964: found /usr/bin/gcc
configure:2975: result: gcc
configure:3207: checking for C compiler version
configure:3215: gcc --version >&5
gcc (GCC) 4.4.7 20120313 (Red Hat 4.4.7-11)
Copyright (C) 2010 Free Software Foundation, Inc.
This is free software; see the source for copying conditions.  There is NO
warranty; not even for MERCHANTABILITY or FITNESS FOR A PARTICULAR PURPOSE.

configure:3219: $? = 0
configure:3226: gcc -v >&5
Using built-in specs.
Target: x86_64-redhat-linux
Configured with: ../configure --prefix=/usr --mandir=/usr/share/man --infodir=/usr/share/info --with-bugurl=http://bugzilla.redhat.com/bugzilla --enable-bootstrap --enable-shared --enable-threads=posix --enable-checking=release --with-system-zlib --enable-__cxa_atexit --disable-libunwind-exceptions --enable-gnu-unique-object --enable-languages=c,c++,objc,obj-c++,java,fortran,ada --enable-java-awt=gtk --disable-dssi --with-java-home=/usr/lib/jvm/java-1.5.0-gcj-1.5.0.0/jre --enable-libgcj-multifile --enable-java-maintainer-mode --with-ecj-jar=/usr/share/java/eclipse-ecj.jar --disable-libjava-multilib --with-ppl --with-cloog --with-tune=generic --with-arch_32=i686 --build=x86_64-redhat-linux
Thread model: posix
gcc version 4.4.7 20120313 (Red Hat 4.4.7-11) (GCC) 
configure:3230: $? = 0
configure:3237: gcc -V >&5
gcc: '-V' option must have argument
configure:3241: $? = 1
configure:3264: checking for C compiler default output file name
configure:3286: gcc    conftest.c  >&5
configure:3290: $? = 0
configure:3328: result: a.out
configure:3347: checking whether the C compiler works
configure:3357: ./a.out
configure:3361: $? = 0
configure:3380: result: yes
configure:3387: checking whether we are cross compiling
configure:3389: result: no
configure:3392: checking for suffix of executables
configure:3399: gcc -o conftest    conftest.c  >&5
configure:3403: $? = 0
configure:3429: result: 
configure:3435: checking for suffix of object files
configure:3461: gcc -c   conftest.c >&5
configure:3465: $? = 0
configure:3490: result: o
configure:3494: checking whether we are using the GNU C compiler
configure:3523: gcc -c   conftest.c >&5
configure:3530: $? = 0
configure:3547: result: yes
configure:3556: checking whether gcc accepts -g
configure:3586: gcc -c -g  conftest.c >&5
configure:3593: $? = 0
configure:3694: result: yes
configure:3711: checking for gcc option to accept ISO C89
configure:3785: gcc  -c -g -O2  conftest.c >&5
configure:3792: $? = 0
configure:3815: result: none needed
configure:3835: checking dependency style of gcc
configure:3945: result: gcc3
configure:3960: checking for a sed that does not truncate output
configure:4026: result: /bin/sed
configure:4044: checking for grep that handles long lines and -e
configure:4104: result: /bin/grep
configure:4109: checking for egrep
configure:4173: result: /bin/grep -E
configure:4178: checking for fgrep
configure:4242: result: /bin/grep -F
configure:4277: checking for ld used by gcc
configure:4344: result: /usr/bin/ld
configure:4353: checking if the linker (/usr/bin/ld) is GNU ld
configure:4368: result: yes
configure:4380: checking for BSD- or MS-compatible name lister (nm)
configure:4429: result: /usr/bin/nm -B
configure:4547: checking the name lister (/usr/bin/nm -B) interface
configure:4554: gcc -c -g -O2  conftest.c >&5
configure:4557: /usr/bin/nm -B "conftest.o"
configure:4560: output
0000000000000000 B some_variable
configure:4567: result: BSD nm
configure:4570: checking whether ln -s works
configure:4574: result: yes
configure:4582: checking the maximum length of command line arguments
configure:4702: result: 1966080
configure:4719: checking whether the shell understands some XSI constructs
configure:4729: result: yes
configure:4733: checking whether the shell understands "+="
configure:4739: result: yes
configure:4774: checking for /usr/bin/ld option to reload object files
configure:4781: result: -r
configure:4850: checking for objdump
configure:4866: found /usr/bin/objdump
configure:4877: result: objdump
configure:4909: checking how to recognize dependent libraries
configure:5105: result: pass_all
configure:5165: checking for ar
configure:5181: found /usr/bin/ar
configure:5192: result: ar
configure:5270: checking for strip
configure:5286: found /usr/bin/strip
configure:5297: result: strip
configure:5369: checking for ranlib
configure:5385: found /usr/bin/ranlib
configure:5396: result: ranlib
configure:5486: checking command to parse /usr/bin/nm -B output from gcc object
configure:5604: gcc -c -g -O2  conftest.c >&5
configure:5607: $? = 0
configure:5611: /usr/bin/nm -B conftest.o \| sed -n -e 's/^.*[	 ]\([ABCDGIRSTW][ABCDGIRSTW]*\)[	 ][	 ]*\([_A-Za-z][_A-Za-z0-9]*\)$/\1 \2 \2/p' \> conftest.nm
configure:5614: $? = 0
configure:5668: gcc -o conftest -g -O2   conftest.c conftstm.o >&5
configure:5671: $? = 0
configure:5709: result: ok
configure:5805: gcc -c -g -O2  conftest.c >&5
configure:5808: $? = 0
configure:6576: checking how to run the C preprocessor
configure:6616: gcc -E  conftest.c
configure:6623: $? = 0
configure:6654: gcc -E  conftest.c
conftest.c:10:28: error: ac_nonexistent.h: No such file or directory
configure:6661: $? = 1
configure: failed program was:
| /* confdefs.h.  */
| #define PACKAGE_NAME "modsecurity"
| #define PACKAGE_TARNAME "modsecurity"
| #define PACKAGE_VERSION "2.8"
| #define PACKAGE_STRING "modsecurity 2.8"
| #define PACKAGE_BUGREPORT "support@modsecurity.org"
| #define PACKAGE "modsecurity"
| #define VERSION "2.8"
| /* end confdefs.h.  */
| #include <ac_nonexistent.h>
configure:6694: result: gcc -E
configure:6723: gcc -E  conftest.c
configure:6730: $? = 0
configure:6761: gcc -E  conftest.c
conftest.c:10:28: error: ac_nonexistent.h: No such file or directory
configure:6768: $? = 1
configure: failed program was:
| /* confdefs.h.  */
| #define PACKAGE_NAME "modsecurity"
| #define PACKAGE_TARNAME "modsecurity"
| #define PACKAGE_VERSION "2.8"
| #define PACKAGE_STRING "modsecurity 2.8"
| #define PACKAGE_BUGREPORT "support@modsecurity.org"
| #define PACKAGE "modsecurity"
| #define VERSION "2.8"
| /* end confdefs.h.  */
| #include <ac_nonexistent.h>
configure:6808: checking for ANSI C header files
configure:6838: gcc -c -g -O2  conftest.c >&5
configure:6845: $? = 0
configure:6944: gcc -o conftest -g -O2   conftest.c  >&5
configure:6948: $? = 0
configure:6954: ./conftest
configure:6958: $? = 0
configure:6976: result: yes
configure:7000: checking for sys/types.h
configure:7021: gcc -c -g -O2  conftest.c >&5
configure:7028: $? = 0
configure:7045: result: yes
configure:7000: checking for sys/stat.h
configure:7021: gcc -c -g -O2  conftest.c >&5
configure:7028: $? = 0
configure:7045: result: yes
configure:7000: checking for stdlib.h
configure:7021: gcc -c -g -O2  conftest.c >&5
configure:7028: $? = 0
configure:7045: result: yes
configure:7000: checking for string.h
configure:7021: gcc -c -g -O2  conftest.c >&5
configure:7028: $? = 0
configure:7045: result: yes
configure:7000: checking for memory.h
configure:7021: gcc -c -g -O2  conftest.c >&5
configure:7028: $? = 0
configure:7045: result: yes
configure:7000: checking for strings.h
configure:7021: gcc -c -g -O2  conftest.c >&5
configure:7028: $? = 0
configure:7045: result: yes
configure:7000: checking for inttypes.h
configure:7021: gcc -c -g -O2  conftest.c >&5
configure:7028: $? = 0
configure:7045: result: yes
configure:7000: checking for stdint.h
configure:7021: gcc -c -g -O2  conftest.c >&5
configure:7028: $? = 0
configure:7045: result: yes
configure:7000: checking for unistd.h
configure:7021: gcc -c -g -O2  conftest.c >&5
configure:7028: $? = 0
configure:7045: result: yes
configure:7063: checking for dlfcn.h
configure:7084: gcc -c -g -O2  conftest.c >&5
configure:7091: $? = 0
configure:7108: result: yes
configure:7293: checking for objdir
configure:7308: result: .libs
configure:7604: checking if gcc supports -fno-rtti -fno-exceptions
configure:7622: gcc -c -g -O2  -fno-rtti -fno-exceptions conftest.c >&5
cc1: warning: command line option "-fno-rtti" is valid for C++/ObjC++ but not for C
configure:7626: $? = 0
configure:7639: result: no
configure:7659: checking for gcc option to produce PIC
configure:7931: result: -fPIC -DPIC
configure:7943: checking if gcc PIC flag -fPIC -DPIC works
configure:7961: gcc -c -g -O2  -fPIC -DPIC -DPIC conftest.c >&5
configure:7965: $? = 0
configure:7978: result: yes
configure:8002: checking if gcc static flag -static works
configure:8030: result: no
configure:8045: checking if gcc supports -c -o file.o
configure:8066: gcc -c -g -O2  -o out/conftest2.o conftest.c >&5
configure:8070: $? = 0
configure:8092: result: yes
configure:8100: checking if gcc supports -c -o file.o
configure:8147: result: yes
configure:8180: checking whether the gcc linker (/usr/bin/ld -m elf_x86_64) supports shared libraries
configure:9254: result: yes
configure:9291: checking whether -lc should be explicitly linked in
configure:9296: gcc -c -g -O2  conftest.c >&5
configure:9299: $? = 0
configure:9314: gcc -shared conftest.o  -v -Wl,-soname -Wl,conftest -o conftest 2\>\&1 \| /bin/grep  -lc  \>/dev/null 2\>\&1
configure:9317: $? = 0
configure:9329: result: no
configure:9493: checking dynamic linker characteristics
configure:9936: gcc -o conftest -g -O2   -Wl,-rpath -Wl,/foo conftest.c  >&5
configure:9943: $? = 0
configure:10179: result: GNU/Linux ld.so
configure:10281: checking how to hardcode library paths into programs
configure:10306: result: immediate
configure:10429: checking for shl_load
configure:10485: gcc -o conftest -g -O2   conftest.c  >&5
/tmp/ccgxjo7p.o: In function `main':
/opt/ModSecurity/conftest.c:56: undefined reference to `shl_load'
collect2: ld returned 1 exit status
configure:10492: $? = 1
configure: failed program was:
| /* confdefs.h.  */
| #define PACKAGE_NAME "modsecurity"
| #define PACKAGE_TARNAME "modsecurity"
| #define PACKAGE_VERSION "2.8"
| #define PACKAGE_STRING "modsecurity 2.8"
| #define PACKAGE_BUGREPORT "support@modsecurity.org"
| #define PACKAGE "modsecurity"
| #define VERSION "2.8"
| #define STDC_HEADERS 1
| #define HAVE_SYS_TYPES_H 1
| #define HAVE_SYS_STAT_H 1
| #define HAVE_STDLIB_H 1
| #define HAVE_STRING_H 1
| #define HAVE_MEMORY_H 1
| #define HAVE_STRINGS_H 1
| #define HAVE_INTTYPES_H 1
| #define HAVE_STDINT_H 1
| #define HAVE_UNISTD_H 1
| #define HAVE_DLFCN_H 1
| #define LT_OBJDIR ".libs/"
| /* end confdefs.h.  */
| /* Define shl_load to an innocuous variant, in case <limits.h> declares shl_load.
|    For example, HP-UX 11i <limits.h> declares gettimeofday.  */
| #define shl_load innocuous_shl_load
| 
| /* System header to define __stub macros and hopefully few prototypes,
|     which can conflict with char shl_load (); below.
|     Prefer <limits.h> to <assert.h> if __STDC__ is defined, since
|     <limits.h> exists even on freestanding compilers.  */
| 
| #ifdef __STDC__
| # include <limits.h>
| #else
| # include <assert.h>
| #endif
| 
| #undef shl_load
| 
| /* Override any GCC internal prototype to avoid an error.
|    Use char because int might match the return type of a GCC
|    builtin and then its argument prototype would still apply.  */
| #ifdef __cplusplus
| extern "C"
| #endif
| char shl_load ();
| /* The GNU C library defines this for functions which it implements
|     to always fail with ENOSYS.  Some functions are actually named
|     something starting with __ and the normal name is an alias.  */
| #if defined __stub_shl_load || defined __stub___shl_load
| choke me
| #endif
| 
| int
| main ()
| {
| return shl_load ();
|   ;
|   return 0;
| }
configure:10512: result: no
configure:10517: checking for shl_load in -ldld
configure:10552: gcc -o conftest -g -O2   conftest.c -ldld   >&5
/usr/bin/ld: cannot find -ldld
collect2: ld returned 1 exit status
configure:10559: $? = 1
configure: failed program was:
| /* confdefs.h.  */
| #define PACKAGE_NAME "modsecurity"
| #define PACKAGE_TARNAME "modsecurity"
| #define PACKAGE_VERSION "2.8"
| #define PACKAGE_STRING "modsecurity 2.8"
| #define PACKAGE_BUGREPORT "support@modsecurity.org"
| #define PACKAGE "modsecurity"
| #define VERSION "2.8"
| #define STDC_HEADERS 1
| #define HAVE_SYS_TYPES_H 1
| #define HAVE_SYS_STAT_H 1
| #define HAVE_STDLIB_H 1
| #define HAVE_STRING_H 1
| #define HAVE_MEMORY_H 1
| #define HAVE_STRINGS_H 1
| #define HAVE_INTTYPES_H 1
| #define HAVE_STDINT_H 1
| #define HAVE_UNISTD_H 1
| #define HAVE_DLFCN_H 1
| #define LT_OBJDIR ".libs/"
| /* end confdefs.h.  */
| 
| /* Override any GCC internal prototype to avoid an error.
|    Use char because int might match the return type of a GCC
|    builtin and then its argument prototype would still apply.  */
| #ifdef __cplusplus
| extern "C"
| #endif
| char shl_load ();
| int
| main ()
| {
| return shl_load ();
|   ;
|   return 0;
| }
configure:10580: result: no
configure:10585: checking for dlopen
configure:10641: gcc -o conftest -g -O2   conftest.c  >&5
/tmp/ccyGeHKz.o: In function `main':
/opt/ModSecurity/conftest.c:56: undefined reference to `dlopen'
collect2: ld returned 1 exit status
configure:10648: $? = 1
configure: failed program was:
| /* confdefs.h.  */
| #define PACKAGE_NAME "modsecurity"
| #define PACKAGE_TARNAME "modsecurity"
| #define PACKAGE_VERSION "2.8"
| #define PACKAGE_STRING "modsecurity 2.8"
| #define PACKAGE_BUGREPORT "support@modsecurity.org"
| #define PACKAGE "modsecurity"
| #define VERSION "2.8"
| #define STDC_HEADERS 1
| #define HAVE_SYS_TYPES_H 1
| #define HAVE_SYS_STAT_H 1
| #define HAVE_STDLIB_H 1
| #define HAVE_STRING_H 1
| #define HAVE_MEMORY_H 1
| #define HAVE_STRINGS_H 1
| #define HAVE_INTTYPES_H 1
| #define HAVE_STDINT_H 1
| #define HAVE_UNISTD_H 1
| #define HAVE_DLFCN_H 1
| #define LT_OBJDIR ".libs/"
| /* end confdefs.h.  */
| /* Define dlopen to an innocuous variant, in case <limits.h> declares dlopen.
|    For example, HP-UX 11i <limits.h> declares gettimeofday.  */
| #define dlopen innocuous_dlopen
| 
| /* System header to define __stub macros and hopefully few prototypes,
|     which can conflict with char dlopen (); below.
|     Prefer <limits.h> to <assert.h> if __STDC__ is defined, since
|     <limits.h> exists even on freestanding compilers.  */
| 
| #ifdef __STDC__
| # include <limits.h>
| #else
| # include <assert.h>
| #endif
| 
| #undef dlopen
| 
| /* Override any GCC internal prototype to avoid an error.
|    Use char because int might match the return type of a GCC
|    builtin and then its argument prototype would still apply.  */
| #ifdef __cplusplus
| extern "C"
| #endif
| char dlopen ();
| /* The GNU C library defines this for functions which it implements
|     to always fail with ENOSYS.  Some functions are actually named
|     something starting with __ and the normal name is an alias.  */
| #if defined __stub_dlopen || defined __stub___dlopen
| choke me
| #endif
| 
| int
| main ()
| {
| return dlopen ();
|   ;
|   return 0;
| }
configure:10668: result: no
configure:10673: checking for dlopen in -ldl
configure:10708: gcc -o conftest -g -O2   conftest.c -ldl   >&5
configure:10715: $? = 0
configure:10736: result: yes
configure:10913: checking whether a program can dlopen itself
configure:10983: gcc -o conftest -g -O2  -DHAVE_DLFCN_H  -Wl,--export-dynamic conftest.c -ldl  >&5
configure:10986: $? = 0
configure:11004: result: yes
configure:11009: checking whether a statically linked program can dlopen itself
configure:11079: gcc -o conftest -g -O2  -DHAVE_DLFCN_H  -Wl,--export-dynamic  conftest.c -ldl  >&5
configure:11082: $? = 0
configure:11100: result: yes
configure:11139: checking whether stripping libraries is possible
configure:11144: result: yes
configure:11179: checking if libtool supports shared libraries
configure:11181: result: yes
configure:11184: checking whether to build shared libraries
configure:11205: result: yes
configure:11208: checking whether to build static libraries
configure:11212: result: yes
configure:11253: checking for gawk
configure:11280: result: gawk
configure:11339: checking for gcc
configure:11366: result: gcc
configure:11598: checking for C compiler version
configure:11606: gcc --version >&5
gcc (GCC) 4.4.7 20120313 (Red Hat 4.4.7-11)
Copyright (C) 2010 Free Software Foundation, Inc.
This is free software; see the source for copying conditions.  There is NO
warranty; not even for MERCHANTABILITY or FITNESS FOR A PARTICULAR PURPOSE.

configure:11610: $? = 0
configure:11617: gcc -v >&5
Using built-in specs.
Target: x86_64-redhat-linux
Configured with: ../configure --prefix=/usr --mandir=/usr/share/man --infodir=/usr/share/info --with-bugurl=http://bugzilla.redhat.com/bugzilla --enable-bootstrap --enable-shared --enable-threads=posix --enable-checking=release --with-system-zlib --enable-__cxa_atexit --disable-libunwind-exceptions --enable-gnu-unique-object --enable-languages=c,c++,objc,obj-c++,java,fortran,ada --enable-java-awt=gtk --disable-dssi --with-java-home=/usr/lib/jvm/java-1.5.0-gcj-1.5.0.0/jre --enable-libgcj-multifile --enable-java-maintainer-mode --with-ecj-jar=/usr/share/java/eclipse-ecj.jar --disable-libjava-multilib --with-ppl --with-cloog --with-tune=generic --with-arch_32=i686 --build=x86_64-redhat-linux
Thread model: posix
gcc version 4.4.7 20120313 (Red Hat 4.4.7-11) (GCC) 
configure:11621: $? = 0
configure:11628: gcc -V >&5
gcc: '-V' option must have argument
configure:11632: $? = 1
configure:11635: checking whether we are using the GNU C compiler
configure:11688: result: yes
configure:11697: checking whether gcc accepts -g
configure:11835: result: yes
configure:11852: checking for gcc option to accept ISO C89
configure:11956: result: none needed
configure:11976: checking dependency style of gcc
configure:12086: result: gcc3
configure:12106: checking how to run the C preprocessor
configure:12224: result: gcc -E
configure:12253: gcc -E  conftest.c
configure:12260: $? = 0
configure:12291: gcc -E  conftest.c
conftest.c:22:28: error: ac_nonexistent.h: No such file or directory
configure:12298: $? = 1
configure: failed program was:
| /* confdefs.h.  */
| #define PACKAGE_NAME "modsecurity"
| #define PACKAGE_TARNAME "modsecurity"
| #define PACKAGE_VERSION "2.8"
| #define PACKAGE_STRING "modsecurity 2.8"
| #define PACKAGE_BUGREPORT "support@modsecurity.org"
| #define PACKAGE "modsecurity"
| #define VERSION "2.8"
| #define STDC_HEADERS 1
| #define HAVE_SYS_TYPES_H 1
| #define HAVE_SYS_STAT_H 1
| #define HAVE_STDLIB_H 1
| #define HAVE_STRING_H 1
| #define HAVE_MEMORY_H 1
| #define HAVE_STRINGS_H 1
| #define HAVE_INTTYPES_H 1
| #define HAVE_STDINT_H 1
| #define HAVE_UNISTD_H 1
| #define HAVE_DLFCN_H 1
| #define LT_OBJDIR ".libs/"
| /* end confdefs.h.  */
| #include <ac_nonexistent.h>
configure:12351: checking for a BSD-compatible install
configure:12419: result: /usr/bin/install -c
configure:12430: checking whether ln -s works
configure:12434: result: yes
configure:12441: checking whether make sets $(MAKE)
configure:12463: result: yes
configure:12472: checking for grep that handles long lines and -e
configure:12532: result: /bin/grep
configure:12541: checking for perl
configure:12559: found /usr/bin/perl
configure:12571: result: /usr/bin/perl
configure:12586: checking for env
configure:12604: found /bin/env
configure:12616: result: /bin/env
configure:12629: checking for ANSI C header files
configure:12797: result: yes
configure:12830: checking fcntl.h usability
configure:12847: gcc -c -g -O2  conftest.c >&5
configure:12854: $? = 0
configure:12868: result: yes
configure:12872: checking fcntl.h presence
configure:12887: gcc -E  conftest.c
configure:12894: $? = 0
configure:12908: result: yes
configure:12941: checking for fcntl.h
configure:12950: result: yes
configure:12830: checking limits.h usability
configure:12847: gcc -c -g -O2  conftest.c >&5
configure:12854: $? = 0
configure:12868: result: yes
configure:12872: checking limits.h presence
configure:12887: gcc -E  conftest.c
configure:12894: $? = 0
configure:12908: result: yes
configure:12941: checking for limits.h
configure:12950: result: yes
configure:12819: checking for stdlib.h
configure:12826: result: yes
configure:12819: checking for string.h
configure:12826: result: yes
configure:12819: checking for unistd.h
configure:12826: result: yes
configure:12819: checking for sys/types.h
configure:12826: result: yes
configure:12819: checking for sys/stat.h
configure:12826: result: yes
configure:12830: checking sys/utsname.h usability
configure:12847: gcc -c -g -O2  conftest.c >&5
configure:12854: $? = 0
configure:12868: result: yes
configure:12872: checking sys/utsname.h presence
configure:12887: gcc -E  conftest.c
configure:12894: $? = 0
configure:12908: result: yes
configure:12941: checking for sys/utsname.h
configure:12950: result: yes
configure:12967: checking for an ANSI C-conforming const
configure:13042: gcc -c -g -O2  conftest.c >&5
configure:13049: $? = 0
configure:13064: result: yes
configure:13074: checking for inline
configure:13100: gcc -c -g -O2  conftest.c >&5
configure:13107: $? = 0
configure:13125: result: inline
configure:13144: checking for C/C++ restrict keyword
configure:13179: gcc -c -g -O2  conftest.c >&5
configure:13186: $? = 0
configure:13204: result: __restrict
configure:13220: checking for pid_t
configure:13248: gcc -c -g -O2  conftest.c >&5
configure:13255: $? = 0
configure:13282: gcc -c -g -O2  conftest.c >&5
conftest.c: In function 'main':
conftest.c:68: error: expected expression before ')' token
configure:13289: $? = 1
configure: failed program was:
| /* confdefs.h.  */
| #define PACKAGE_NAME "modsecurity"
| #define PACKAGE_TARNAME "modsecurity"
| #define PACKAGE_VERSION "2.8"
| #define PACKAGE_STRING "modsecurity 2.8"
| #define PACKAGE_BUGREPORT "support@modsecurity.org"
| #define PACKAGE "modsecurity"
| #define VERSION "2.8"
| #define STDC_HEADERS 1
| #define HAVE_SYS_TYPES_H 1
| #define HAVE_SYS_STAT_H 1
| #define HAVE_STDLIB_H 1
| #define HAVE_STRING_H 1
| #define HAVE_MEMORY_H 1
| #define HAVE_STRINGS_H 1
| #define HAVE_INTTYPES_H 1
| #define HAVE_STDINT_H 1
| #define HAVE_UNISTD_H 1
| #define HAVE_DLFCN_H 1
| #define LT_OBJDIR ".libs/"
| #define STDC_HEADERS 1
| #define HAVE_FCNTL_H 1
| #define HAVE_LIMITS_H 1
| #define HAVE_STDLIB_H 1
| #define HAVE_STRING_H 1
| #define HAVE_UNISTD_H 1
| #define HAVE_SYS_TYPES_H 1
| #define HAVE_SYS_STAT_H 1
| #define HAVE_SYS_UTSNAME_H 1
| #define restrict __restrict
| /* end confdefs.h.  */
| #include <stdio.h>
| #ifdef HAVE_SYS_TYPES_H
| # include <sys/types.h>
| #endif
| #ifdef HAVE_SYS_STAT_H
| # include <sys/stat.h>
| #endif
| #ifdef STDC_HEADERS
| # include <stdlib.h>
| # include <stddef.h>
| #else
| # ifdef HAVE_STDLIB_H
| #  include <stdlib.h>
| # endif
| #endif
| #ifdef HAVE_STRING_H
| # if !defined STDC_HEADERS && defined HAVE_MEMORY_H
| #  include <memory.h>
| # endif
| # include <string.h>
| #endif
| #ifdef HAVE_STRINGS_H
| # include <strings.h>
| #endif
| #ifdef HAVE_INTTYPES_H
| # include <inttypes.h>
| #endif
| #ifdef HAVE_STDINT_H
| # include <stdint.h>
| #endif
| #ifdef HAVE_UNISTD_H
| # include <unistd.h>
| #endif
| int
| main ()
| {
| if (sizeof ((pid_t)))
| 	  return 0;
|   ;
|   return 0;
| }
configure:13312: result: yes
configure:13324: checking for size_t
configure:13352: gcc -c -g -O2  conftest.c >&5
configure:13359: $? = 0
configure:13386: gcc -c -g -O2  conftest.c >&5
conftest.c: In function 'main':
conftest.c:68: error: expected expression before ')' token
configure:13393: $? = 1
configure: failed program was:
| /* confdefs.h.  */
| #define PACKAGE_NAME "modsecurity"
| #define PACKAGE_TARNAME "modsecurity"
| #define PACKAGE_VERSION "2.8"
| #define PACKAGE_STRING "modsecurity 2.8"
| #define PACKAGE_BUGREPORT "support@modsecurity.org"
| #define PACKAGE "modsecurity"
| #define VERSION "2.8"
| #define STDC_HEADERS 1
| #define HAVE_SYS_TYPES_H 1
| #define HAVE_SYS_STAT_H 1
| #define HAVE_STDLIB_H 1
| #define HAVE_STRING_H 1
| #define HAVE_MEMORY_H 1
| #define HAVE_STRINGS_H 1
| #define HAVE_INTTYPES_H 1
| #define HAVE_STDINT_H 1
| #define HAVE_UNISTD_H 1
| #define HAVE_DLFCN_H 1
| #define LT_OBJDIR ".libs/"
| #define STDC_HEADERS 1
| #define HAVE_FCNTL_H 1
| #define HAVE_LIMITS_H 1
| #define HAVE_STDLIB_H 1
| #define HAVE_STRING_H 1
| #define HAVE_UNISTD_H 1
| #define HAVE_SYS_TYPES_H 1
| #define HAVE_SYS_STAT_H 1
| #define HAVE_SYS_UTSNAME_H 1
| #define restrict __restrict
| /* end confdefs.h.  */
| #include <stdio.h>
| #ifdef HAVE_SYS_TYPES_H
| # include <sys/types.h>
| #endif
| #ifdef HAVE_SYS_STAT_H
| # include <sys/stat.h>
| #endif
| #ifdef STDC_HEADERS
| # include <stdlib.h>
| # include <stddef.h>
| #else
| # ifdef HAVE_STDLIB_H
| #  include <stdlib.h>
| # endif
| #endif
| #ifdef HAVE_STRING_H
| # if !defined STDC_HEADERS && defined HAVE_MEMORY_H
| #  include <memory.h>
| # endif
| # include <string.h>
| #endif
| #ifdef HAVE_STRINGS_H
| # include <strings.h>
| #endif
| #ifdef HAVE_INTTYPES_H
| # include <inttypes.h>
| #endif
| #ifdef HAVE_STDINT_H
| # include <stdint.h>
| #endif
| #ifdef HAVE_UNISTD_H
| # include <unistd.h>
| #endif
| int
| main ()
| {
| if (sizeof ((size_t)))
| 	  return 0;
|   ;
|   return 0;
| }
configure:13416: result: yes
configure:13428: checking whether struct tm is in sys/time.h or time.h
configure:13458: gcc -c -g -O2  conftest.c >&5
configure:13465: $? = 0
configure:13480: result: time.h
configure:13491: checking for uint8_t
configure:13522: gcc -c -g -O2  conftest.c >&5
configure:13529: $? = 0
configure:13550: result: yes
configure:13574: checking for stdlib.h
configure:13581: result: yes
configure:13720: checking for GNU libc compatible malloc
configure:13754: gcc -o conftest -g -O2   conftest.c  >&5
configure:13758: $? = 0
configure:13764: ./conftest
configure:13768: $? = 0
configure:13785: result: yes
configure:13813: checking for working memcmp
configure:13866: gcc -o conftest -g -O2   conftest.c  >&5
configure:13870: $? = 0
configure:13876: ./conftest
configure:13880: $? = 0
configure:13897: result: yes
configure:13923: checking for atexit
configure:13979: gcc -o conftest -g -O2   conftest.c  >&5
configure:13986: $? = 0
configure:14008: result: yes
configure:13923: checking for getcwd
configure:13979: gcc -o conftest -g -O2   conftest.c  >&5
configure:13986: $? = 0
configure:14008: result: yes
configure:13923: checking for memmove
configure:13979: gcc -o conftest -g -O2   conftest.c  >&5
conftest.c:59: warning: conflicting types for built-in function 'memmove'
configure:13986: $? = 0
configure:14008: result: yes
configure:13923: checking for memset
configure:13979: gcc -o conftest -g -O2   conftest.c  >&5
conftest.c:60: warning: conflicting types for built-in function 'memset'
configure:13986: $? = 0
configure:14008: result: yes
configure:13923: checking for strcasecmp
configure:13979: gcc -o conftest -g -O2   conftest.c  >&5
conftest.c:61: warning: conflicting types for built-in function 'strcasecmp'
configure:13986: $? = 0
configure:14008: result: yes
configure:13923: checking for strchr
configure:13979: gcc -o conftest -g -O2   conftest.c  >&5
conftest.c:62: warning: conflicting types for built-in function 'strchr'
configure:13986: $? = 0
configure:14008: result: yes
configure:13923: checking for strdup
configure:13979: gcc -o conftest -g -O2   conftest.c  >&5
conftest.c:63: warning: conflicting types for built-in function 'strdup'
configure:13986: $? = 0
configure:14008: result: yes
configure:13923: checking for strerror
configure:13979: gcc -o conftest -g -O2   conftest.c  >&5
configure:13986: $? = 0
configure:14008: result: yes
configure:13923: checking for strncasecmp
configure:13979: gcc -o conftest -g -O2   conftest.c  >&5
conftest.c:65: warning: conflicting types for built-in function 'strncasecmp'
configure:13986: $? = 0
configure:14008: result: yes
configure:13923: checking for strrchr
configure:13979: gcc -o conftest -g -O2   conftest.c  >&5
conftest.c:66: warning: conflicting types for built-in function 'strrchr'
configure:13986: $? = 0
configure:14008: result: yes
configure:13923: checking for strstr
configure:13979: gcc -o conftest -g -O2   conftest.c  >&5
conftest.c:67: warning: conflicting types for built-in function 'strstr'
configure:13986: $? = 0
configure:14008: result: yes
configure:13923: checking for strtol
configure:13979: gcc -o conftest -g -O2   conftest.c  >&5
configure:13986: $? = 0
configure:14008: result: yes
configure:13923: checking for fchmod
configure:13979: gcc -o conftest -g -O2   conftest.c  >&5
configure:13986: $? = 0
configure:14008: result: yes
configure:13923: checking for strcasestr
configure:13979: gcc -o conftest -g -O2   conftest.c  >&5
configure:13986: $? = 0
configure:14008: result: yes
configure:14044: checking host system type
configure:14059: result: x86_64-unknown-linux-gnu
configure:14699: looking for Apache module support via DSO through APXS
configure:14740: found apxs at /usr/sbin/apxs
configure:14742: checking httpd version
configure:14758: httpd is recent enough
configure:14904: checking for libpcre config script
configure:14940: result: /usr/bin/pcre-config
configure:14974: using pcre v7.8
configure:14990: checking for libapr config script
configure:15020: result: /usr/bin/apr-1-config
configure:15064: using apr v1.3.9
configure:15079: checking for libapu config script
configure:15109: result: /usr/bin/apu-1-config
configure:15149: using apu v1.3.9
configure:15165: checking for libxml2 config script
configure:15195: result: /usr/bin/xml2-config
configure:15207: checking if libxml2 is at least v2.6.29
configure:15212: result: yes, 2.7.6
configure:15241: using libxml2 v2.7.6
configure:15295: checking for pkg-config
configure:15313: found /usr/bin/pkg-config
configure:15325: result: /usr/bin/pkg-config
configure:15350: checking pkg-config is at least version 0.9.0
configure:15353: result: yes
configure:15393: checking for liblua config script
configure:15444: result: no
configure:15447: checking for lua install
configure:15542: result: no
configure:15556: optional lua library not found
configure:15705: checking for libyajl config script
configure:15755: result: no
configure:15758: checking for yajl install
configure:15809: result: no
configure:15824: optional yajl library not found
configure:16122: creating ./config.status

## ---------------------- ##
## Running config.status. ##
## ---------------------- ##

This file was extended by modsecurity config.status 2.8, which was
generated by GNU Autoconf 2.63.  Invocation command line was

  CONFIG_FILES    = 
  CONFIG_HEADERS  = 
  CONFIG_LINKS    = 
  CONFIG_COMMANDS = 
  $ ./config.status 

on hungdq-test

config.status:1129: creating Makefile
config.status:1129: creating tools/Makefile
config.status:1129: creating apache2/Makefile
config.status:1129: creating standalone/Makefile
config.status:1129: creating nginx/modsecurity/config
config.status:1129: creating build/apxs-wrapper
config.status:1129: creating tests/run-unit-tests.pl
config.status:1129: creating tests/run-regression-tests.pl
config.status:1129: creating tests/gen_rx-pm.pl
config.status:1129: creating tests/csv_rx-pm.pl
config.status:1129: creating tests/regression/server_root/conf/httpd.conf
config.status:1129: creating tools/rules-updater.pl
config.status:1129: creating tests/Makefile
config.status:1129: creating apache2/modsecurity_config_auto.h
config.status:1403: executing depfiles commands
config.status:1403: executing libtool commands

## ---------------- ##
## Cache variables. ##
## ---------------- ##

ac_cv_build=x86_64-unknown-linux-gnu
ac_cv_c_compiler_gnu=yes
ac_cv_c_const=yes
ac_cv_c_inline=inline
ac_cv_c_restrict=__restrict
ac_cv_c_uint8_t=yes
ac_cv_env_CC_set=
ac_cv_env_CC_value=
ac_cv_env_CFLAGS_set=
ac_cv_env_CFLAGS_value=
ac_cv_env_CPPFLAGS_set=
ac_cv_env_CPPFLAGS_value=
ac_cv_env_CPP_set=
ac_cv_env_CPP_value=
ac_cv_env_LDFLAGS_set=
ac_cv_env_LDFLAGS_value=
ac_cv_env_LIBS_set=
ac_cv_env_LIBS_value=
ac_cv_env_PKG_CONFIG_set=
ac_cv_env_PKG_CONFIG_value=
ac_cv_env_build_alias_set=
ac_cv_env_build_alias_value=
ac_cv_env_host_alias_set=
ac_cv_env_host_alias_value=
ac_cv_env_target_alias_set=
ac_cv_env_target_alias_value=
ac_cv_func_atexit=yes
ac_cv_func_dlopen=no
ac_cv_func_fchmod=yes
ac_cv_func_getcwd=yes
ac_cv_func_malloc_0_nonnull=yes
ac_cv_func_memcmp_working=yes
ac_cv_func_memmove=yes
ac_cv_func_memset=yes
ac_cv_func_shl_load=no
ac_cv_func_strcasecmp=yes
ac_cv_func_strcasestr=yes
ac_cv_func_strchr=yes
ac_cv_func_strdup=yes
ac_cv_func_strerror=yes
ac_cv_func_strncasecmp=yes
ac_cv_func_strrchr=yes
ac_cv_func_strstr=yes
ac_cv_func_strtol=yes
ac_cv_header_dlfcn_h=yes
ac_cv_header_fcntl_h=yes
ac_cv_header_inttypes_h=yes
ac_cv_header_limits_h=yes
ac_cv_header_memory_h=yes
ac_cv_header_stdc=yes
ac_cv_header_stdint_h=yes
ac_cv_header_stdlib_h=yes
ac_cv_header_string_h=yes
ac_cv_header_strings_h=yes
ac_cv_header_sys_stat_h=yes
ac_cv_header_sys_types_h=yes
ac_cv_header_sys_utsname_h=yes
ac_cv_header_unistd_h=yes
ac_cv_host=x86_64-unknown-linux-gnu
ac_cv_lib_dl_dlopen=yes
ac_cv_lib_dld_shl_load=no
ac_cv_objext=o
ac_cv_path_EGREP='/bin/grep -E'
ac_cv_path_ENV_CMD=/bin/env
ac_cv_path_FGREP='/bin/grep -F'
ac_cv_path_GREP=/bin/grep
ac_cv_path_PERL=/usr/bin/perl
ac_cv_path_SED=/bin/sed
ac_cv_path_ac_pt_PKG_CONFIG=/usr/bin/pkg-config
ac_cv_path_install='/usr/bin/install -c'
ac_cv_path_mkdir=/bin/mkdir
ac_cv_prog_AWK=gawk
ac_cv_prog_CPP='gcc -E'
ac_cv_prog_ac_ct_AR=ar
ac_cv_prog_ac_ct_CC=gcc
ac_cv_prog_ac_ct_OBJDUMP=objdump
ac_cv_prog_ac_ct_RANLIB=ranlib
ac_cv_prog_ac_ct_STRIP=strip
ac_cv_prog_cc_c89=
ac_cv_prog_cc_g=yes
ac_cv_prog_make_make_set=yes
ac_cv_struct_tm=time.h
ac_cv_type_pid_t=yes
ac_cv_type_size_t=yes
am_cv_CC_dependencies_compiler_type=gcc3
lt_cv_deplibs_check_method=pass_all
lt_cv_dlopen=dlopen
lt_cv_dlopen_libs=-ldl
lt_cv_dlopen_self=yes
lt_cv_dlopen_self_static=yes
lt_cv_file_magic_cmd='$MAGIC_CMD'
lt_cv_file_magic_test_file=
lt_cv_ld_reload_flag=-r
lt_cv_nm_interface='BSD nm'
lt_cv_objdir=.libs
lt_cv_path_LD=/usr/bin/ld
lt_cv_path_NM='/usr/bin/nm -B'
lt_cv_prog_compiler_c_o=yes
lt_cv_prog_compiler_pic_works=yes
lt_cv_prog_compiler_rtti_exceptions=no
lt_cv_prog_compiler_static_works=no
lt_cv_prog_gnu_ld=yes
lt_cv_sys_global_symbol_pipe='sed -n -e '\''s/^.*[	 ]\([ABCDGIRSTW][ABCDGIRSTW]*\)[	 ][	 ]*\([_A-Za-z][_A-Za-z0-9]*\)$/\1 \2 \2/p'\'''
lt_cv_sys_global_symbol_to_c_name_address='sed -n -e '\''s/^: \([^ ]*\) $/  {\"\1\", (void *) 0},/p'\'' -e '\''s/^[ABCDGIRSTW]* \([^ ]*\) \([^ ]*\)$/  {"\2", (void *) \&\2},/p'\'''
lt_cv_sys_global_symbol_to_c_name_address_lib_prefix='sed -n -e '\''s/^: \([^ ]*\) $/  {\"\1\", (void *) 0},/p'\'' -e '\''s/^[ABCDGIRSTW]* \([^ ]*\) \(lib[^ ]*\)$/  {"\2", (void *) \&\2},/p'\'' -e '\''s/^[ABCDGIRSTW]* \([^ ]*\) \([^ ]*\)$/  {"lib\2", (void *) \&\2},/p'\'''
lt_cv_sys_global_symbol_to_cdecl='sed -n -e '\''s/^T .* \(.*\)$/extern int \1();/p'\'' -e '\''s/^[ABCDGIRSTW]* .* \(.*\)$/extern char \1;/p'\'''
lt_cv_sys_max_cmd_len=1966080

## ----------------- ##
## Output variables. ##
## ----------------- ##

ACLOCAL='${SHELL} /opt/ModSecurity/build/missing --run aclocal-1.11'
AIX_FALSE=''
AIX_TRUE='#'
AMDEPBACKSLASH='\'
AMDEP_FALSE='#'
AMDEP_TRUE=''
AMTAR='${SHELL} /opt/ModSecurity/build/missing --run tar'
APR_CFLAGS=' -I/usr/include/apr-1 '
APR_CONFIG='/usr/bin/apr-1-config'
APR_CPPFLAGS=' -DLINUX=2 -D_REENTRANT -D_GNU_SOURCE'
APR_INCLUDEDIR='/usr/include/apr-1'
APR_LDADD=' /usr/lib64/libapr-1.la'
APR_LDFLAGS='  -lpthread'
APR_LINKLD=' -lapr-1'
APR_VERSION='1.3.9'
APU_CFLAGS=' -I/usr/include/apr-1 '
APU_CONFIG='/usr/bin/apu-1-config'
APU_INCLUDEDIR='/usr/include/apr-1'
APU_LDADD=' /usr/lib64/libaprutil-1.la'
APU_LDFLAGS=' -lldap -llber -llber -ldb-4.7    -lexpat -ldb-4.7   '
APU_LINKLD=' -L/usr/lib64 -laprutil-1'
APU_VERSION='1.3.9'
APXS='/usr/sbin/apxs'
APXS_BINDIR='/usr/bin'
APXS_CC='gcc'
APXS_CFLAGS='-I/usr/include/httpd'
APXS_EXTRA_CFLAGS=' -Wc,-O2 -Wc,-g -Wc,-Wall'
APXS_HTTPD='/usr/sbin/httpd'
APXS_INCLUDEDIR='/usr/include/httpd'
APXS_INCLUDES='-I/usr/include/httpd  -I/usr/include/httpd -I. -I/usr/include/apr-1'
APXS_LDFLAGS=''
APXS_LIBDIR='/usr/lib64'
APXS_LIBEXECDIR='/usr/lib64/httpd/modules'
APXS_LIBS='-L/usr/lib64  -lm -lpcre'
APXS_LIBTOOL='/usr/lib64/apr-1/build/libtool --silent'
APXS_MODULES='/usr/lib64/httpd/modules'
APXS_PROGNAME='httpd'
APXS_SBINDIR='/usr/sbin'
APXS_WRAPPER='build/apxs-wrapper'
AR='ar'
AUTOCONF='${SHELL} /opt/ModSecurity/build/missing --run autoconf'
AUTOHEADER='${SHELL} /opt/ModSecurity/build/missing --run autoheader'
AUTOMAKE='${SHELL} /opt/ModSecurity/build/missing --run automake-1.11'
AWK='gawk'
BUILD_ALP2_FALSE=''
BUILD_ALP2_TRUE='#'
BUILD_APACHE2_MODULE_FALSE='#'
BUILD_APACHE2_MODULE_TRUE=''
BUILD_DOCS_FALSE=''
BUILD_DOCS_TRUE='#'
BUILD_MLOGC_FALSE=''
BUILD_MLOGC_TRUE='#'
BUILD_STANDALONE_MODULE_FALSE='#'
BUILD_STANDALONE_MODULE_TRUE=''
BUILD_extentions_FALSE=''
BUILD_extentions_TRUE='#'
CC='gcc'
CCDEPMODE='depmode=gcc3'
CFLAGS='-g -O2'
CPP='gcc -E'
CPPFLAGS=''
CURL_CFLAGS=''
CURL_CONFIG=''
CURL_CPPFLAGS=''
CURL_LDADD=''
CURL_LDFLAGS=''
CURL_USES_GNUTLS=''
CURL_VERSION=''
CYGPATH_W='echo'
DEFS='-DHAVE_CONFIG_H'
DEPDIR='.deps'
DSYMUTIL=''
DUMPBIN=''
ECHO_C=''
ECHO_N='-n'
ECHO_T=''
EGREP='/bin/grep -E'
ENV_CMD='/bin/env'
EXEEXT=''
EXTRA_CFLAGS='-O2 -g -Wall '
FGREP='/bin/grep -F'
FREEBSD_FALSE=''
FREEBSD_TRUE='#'
GREP='/bin/grep'
HPUX_FALSE=''
HPUX_TRUE='#'
INSTALL_DATA='${INSTALL} -m 644'
INSTALL_PROGRAM='${INSTALL}'
INSTALL_SCRIPT='${INSTALL}'
INSTALL_STRIP_PROGRAM='$(install_sh) -c -s'
LD='/usr/bin/ld -m elf_x86_64'
LDFLAGS=''
LIBOBJS=''
LIBS=''
LIBTOOL='$(SHELL) $(top_builddir)/libtool'
LIBXML2_CFLAGS='-I/usr/include/libxml2'
LIBXML2_CONFIG='/usr/bin/xml2-config'
LIBXML2_CPPFLAGS=''
LIBXML2_LDADD='-lxml2 -lz -lm'
LIBXML2_LDFLAGS=''
LIBXML2_VERSION='2.7.6'
LINUX390_FALSE=''
LINUX390_TRUE='#'
LINUX_FALSE='#'
LINUX_TRUE=''
LIPO=''
LN_S='ln -s'
LTLIBOBJS=''
LUA_CFLAGS=''
LUA_LDADD=''
LUA_LDFLAGS=''
MACOSX_FALSE=''
MACOSX_TRUE='#'
MAKEINFO='${SHELL} /opt/ModSecurity/build/missing --run makeinfo'
MKDIR_P='/bin/mkdir -p'
MODSEC_APXS_EXTRA_CFLAGS=' -Wc,-DWITH_PCRE_STUDY -Wc,-DMODSEC_PCRE_MATCH_LIMIT=1500 -Wc,-DMODSEC_PCRE_MATCH_LIMIT_RECURSION=1500 -Wc,-DREQUEST_EARLY'
MODSEC_EXTRA_CFLAGS='-DWITH_PCRE_STUDY -DMODSEC_PCRE_MATCH_LIMIT=1500 -DMODSEC_PCRE_MATCH_LIMIT_RECURSION=1500  -DREQUEST_EARLY         '
MSC_BASE_DIR='/opt/ModSecurity'
MSC_PKGBASE_DIR='/opt/ModSecurity/..'
MSC_REGRESSION_CONF_DIR='/opt/ModSecurity/tests/regression/server_root/conf'
MSC_REGRESSION_DIR='/opt/ModSecurity/tests/regression'
MSC_REGRESSION_DOCROOT_DIR='/opt/ModSecurity/tests/regression/server_root/htdocs'
MSC_REGRESSION_LOGS_DIR='/opt/ModSecurity/tests/regression/server_root/logs'
MSC_REGRESSION_SERVERROOT_DIR='/opt/ModSecurity/tests/regression/server_root'
MSC_TEST_DIR='/opt/ModSecurity/tests'
NETBSD_FALSE=''
NETBSD_TRUE='#'
NM='/usr/bin/nm -B'
NMEDIT=''
OBJDUMP='objdump'
OBJEXT='o'
OPENBSD_FALSE=''
OPENBSD_TRUE='#'
OTOOL64=''
OTOOL=''
PACKAGE='modsecurity'
PACKAGE_BUGREPORT='support@modsecurity.org'
PACKAGE_NAME='modsecurity'
PACKAGE_STRING='modsecurity 2.8'
PACKAGE_TARNAME='modsecurity'
PACKAGE_VERSION='2.8'
PATH_SEPARATOR=':'
PCRE_CFLAGS=''
PCRE_CONFIG='/usr/bin/pcre-config'
PCRE_CPPFLAGS=''
PCRE_LDADD='-lpcre'
PCRE_LDFLAGS=''
PCRE_LD_PATH='/-lpcre'
PCRE_VERSION='7.8'
PERL='/usr/bin/perl'
PKG_CONFIG='/usr/bin/pkg-config'
RANLIB='ranlib'
SED='/bin/sed'
SET_MAKE=''
SHELL='/bin/sh'
SOLARIS_FALSE=''
SOLARIS_TRUE='#'
STRIP='strip'
TOPLEVEL_SUBDIRS='tools apache2 standalone'
VERSION='2.8'
YAJL_CFLAGS=''
YAJL_LDADD=''
YAJL_LDFLAGS=''
YAJL_LIBS=''
ac_ct_CC='gcc'
ac_ct_DUMPBIN=''
am__EXEEXT_FALSE=''
am__EXEEXT_TRUE='#'
am__fastdepCC_FALSE='#'
am__fastdepCC_TRUE=''
am__include='include'
am__isrc=''
am__leading_dot='.'
am__quote=''
am__tar='${AMTAR} chof - "$$tardir"'
am__untar='${AMTAR} xf -'
bindir='${exec_prefix}/bin'
build='x86_64-unknown-linux-gnu'
build_alias=''
build_cpu='x86_64'
build_os='linux-gnu'
build_vendor='unknown'
datadir='${datarootdir}'
datarootdir='${prefix}/share'
docdir='${datarootdir}/doc/${PACKAGE_TARNAME}'
dvidir='${docdir}'
exec_prefix='${prefix}'
host='x86_64-unknown-linux-gnu'
host_alias=''
host_cpu='x86_64'
host_os='linux-gnu'
host_vendor='unknown'
htmldir='${docdir}'
includedir='${prefix}/include'
infodir='${datarootdir}/info'
install_sh='${SHELL} /opt/ModSecurity/build/install-sh'
libdir='${exec_prefix}/lib'
libexecdir='${exec_prefix}/libexec'
localedir='${datarootdir}/locale'
localstatedir='${prefix}/var'
lt_ECHO='echo'
mandir='${datarootdir}/man'
mkdir_p='/bin/mkdir -p'
oldincludedir='/usr/include'
pdfdir='${docdir}'
prefix='/usr/local/modsecurity'
program_transform_name='s,x,x,'
psdir='${docdir}'
sbindir='${exec_prefix}/sbin'
sharedstatedir='${prefix}/com'
sysconfdir='${prefix}/etc'
target_alias=''

## ----------- ##
## confdefs.h. ##
## ----------- ##

#define PACKAGE_NAME "modsecurity"
#define PACKAGE_TARNAME "modsecurity"
#define PACKAGE_VERSION "2.8"
#define PACKAGE_STRING "modsecurity 2.8"
#define PACKAGE_BUGREPORT "support@modsecurity.org"
#define PACKAGE "modsecurity"
#define VERSION "2.8"
#define STDC_HEADERS 1
#define HAVE_SYS_TYPES_H 1
#define HAVE_SYS_STAT_H 1
#define HAVE_STDLIB_H 1
#define HAVE_STRING_H 1
#define HAVE_MEMORY_H 1
#define HAVE_STRINGS_H 1
#define HAVE_INTTYPES_H 1
#define HAVE_STDINT_H 1
#define HAVE_UNISTD_H 1
#define HAVE_DLFCN_H 1
#define LT_OBJDIR ".libs/"
#define STDC_HEADERS 1
#define HAVE_FCNTL_H 1
#define HAVE_LIMITS_H 1
#define HAVE_STDLIB_H 1
#define HAVE_STRING_H 1
#define HAVE_UNISTD_H 1
#define HAVE_SYS_TYPES_H 1
#define HAVE_SYS_STAT_H 1
#define HAVE_SYS_UTSNAME_H 1
#define restrict __restrict
#define HAVE_STDLIB_H 1
#define HAVE_MALLOC 1
#define HAVE_ATEXIT 1
#define HAVE_GETCWD 1
#define HAVE_MEMMOVE 1
#define HAVE_MEMSET 1
#define HAVE_STRCASECMP 1
#define HAVE_STRCHR 1
#define HAVE_STRDUP 1
#define HAVE_STRERROR 1
#define HAVE_STRNCASECMP 1
#define HAVE_STRRCHR 1
#define HAVE_STRSTR 1
#define HAVE_STRTOL 1
#define HAVE_FCHMOD 1
#define HAVE_STRCASESTR 1

configure: exit 0

## ---------------- ##
## Cache variables. ##
## ---------------- ##

ac_cv_build=x86_64-unknown-linux-gnu
ac_cv_c_compiler_gnu=yes
ac_cv_env_CC_set=
ac_cv_env_CC_value=
ac_cv_env_CFLAGS_set=
ac_cv_env_CFLAGS_value=
ac_cv_env_CPPFLAGS_set=
ac_cv_env_CPPFLAGS_value=
ac_cv_env_CPP_set=
ac_cv_env_CPP_value=
ac_cv_env_LDFLAGS_set=
ac_cv_env_LDFLAGS_value=
ac_cv_env_LIBS_set=
ac_cv_env_LIBS_value=
ac_cv_env_PKG_CONFIG_set=
ac_cv_env_PKG_CONFIG_value=
ac_cv_env_build_alias_set=
ac_cv_env_build_alias_value=
ac_cv_env_host_alias_set=
ac_cv_env_host_alias_value=
ac_cv_env_target_alias_set=
ac_cv_env_target_alias_value=
ac_cv_header_dlfcn_h=yes
ac_cv_header_inttypes_h=yes
ac_cv_header_memory_h=yes
ac_cv_header_stdc=yes
ac_cv_header_stdint_h=yes
ac_cv_header_stdlib_h=yes
ac_cv_header_string_h=yes
ac_cv_header_strings_h=yes
ac_cv_header_sys_stat_h=yes
ac_cv_header_sys_types_h=yes
ac_cv_header_unistd_h=yes
ac_cv_host=x86_64-unknown-linux-gnu
ac_cv_objext=o
ac_cv_path_EGREP='/bin/grep -E'
ac_cv_path_FGREP='/bin/grep -F'
ac_cv_path_GREP=/bin/grep
ac_cv_path_SED=/bin/sed
ac_cv_path_install='/usr/bin/install -c'
ac_cv_path_mkdir=/bin/mkdir
ac_cv_prog_AWK=gawk
ac_cv_prog_CPP='gcc -E'
ac_cv_prog_ac_ct_AR=ar
ac_cv_prog_ac_ct_CC=gcc
ac_cv_prog_ac_ct_OBJDUMP=objdump
ac_cv_prog_ac_ct_RANLIB=ranlib
ac_cv_prog_ac_ct_STRIP=strip
ac_cv_prog_cc_c89=
ac_cv_prog_cc_g=yes
ac_cv_prog_make_make_set=yes
am_cv_CC_dependencies_compiler_type=gcc3
lt_cv_deplibs_check_method=pass_all
lt_cv_file_magic_cmd='$MAGIC_CMD'
lt_cv_file_magic_test_file=
lt_cv_ld_reload_flag=-r
lt_cv_nm_interface='BSD nm'
lt_cv_objdir=.libs
lt_cv_path_LD=/usr/bin/ld
lt_cv_path_NM='/usr/bin/nm -B'
lt_cv_prog_compiler_c_o=yes
lt_cv_prog_compiler_pic_works=yes
lt_cv_prog_compiler_rtti_exceptions=no
lt_cv_prog_compiler_static_works=no
lt_cv_prog_gnu_ld=yes
lt_cv_sys_global_symbol_pipe='sed -n -e '\''s/^.*[	 ]\([ABCDGIRSTW][ABCDGIRSTW]*\)[	 ][	 ]*\([_A-Za-z][_A-Za-z0-9]*\)$/\1 \2 \2/p'\'''
lt_cv_sys_global_symbol_to_c_name_address='sed -n -e '\''s/^: \([^ ]*\) $/  {\"\1\", (void *) 0},/p'\'' -e '\''s/^[ABCDGIRSTW]* \([^ ]*\) \([^ ]*\)$/  {"\2", (void *) \&\2},/p'\'''
lt_cv_sys_global_symbol_to_c_name_address_lib_prefix='sed -n -e '\''s/^: \([^ ]*\) $/  {\"\1\", (void *) 0},/p'\'' -e '\''s/^[ABCDGIRSTW]* \([^ ]*\) \(lib[^ ]*\)$/  {"\2", (void *) \&\2},/p'\'' -e '\''s/^[ABCDGIRSTW]* \([^ ]*\) \([^ ]*\)$/  {"lib\2", (void *) \&\2},/p'\'''
lt_cv_sys_global_symbol_to_cdecl='sed -n -e '\''s/^T .* \(.*\)$/extern int \1();/p'\'' -e '\''s/^[ABCDGIRSTW]* .* \(.*\)$/extern char \1;/p'\'''
lt_cv_sys_max_cmd_len=1966080

## ----------------- ##
## Output variables. ##
## ----------------- ##

ACLOCAL='${SHELL} /opt/ModSecurity/build/missing --run aclocal-1.11'
AIX_FALSE=''
AIX_TRUE=''
AMDEPBACKSLASH='\'
AMDEP_FALSE='#'
AMDEP_TRUE=''
AMTAR='${SHELL} /opt/ModSecurity/build/missing --run tar'
APR_CFLAGS=''
APR_CONFIG=''
APR_CPPFLAGS=''
APR_INCLUDEDIR=''
APR_LDADD=''
APR_LDFLAGS=''
APR_LINKLD=''
APR_VERSION=''
APU_CFLAGS=''
APU_CONFIG=''
APU_INCLUDEDIR=''
APU_LDADD=''
APU_LDFLAGS=''
APU_LINKLD=''
APU_VERSION=''
APXS=''
APXS_BINDIR=''
APXS_CC=''
APXS_CFLAGS=''
APXS_EXTRA_CFLAGS=''
APXS_HTTPD=''
APXS_INCLUDEDIR=''
APXS_INCLUDES=''
APXS_LDFLAGS=''
APXS_LIBDIR=''
APXS_LIBEXECDIR=''
APXS_LIBS=''
APXS_LIBTOOL=''
APXS_MODULES=''
APXS_PROGNAME=''
APXS_SBINDIR=''
APXS_WRAPPER=''
AR='ar'
AUTOCONF='${SHELL} /opt/ModSecurity/build/missing --run autoconf'
AUTOHEADER='${SHELL} /opt/ModSecurity/build/missing --run autoheader'
AUTOMAKE='${SHELL} /opt/ModSecurity/build/missing --run automake-1.11'
AWK='gawk'
BUILD_ALP2_FALSE=''
BUILD_ALP2_TRUE=''
BUILD_APACHE2_MODULE_FALSE=''
BUILD_APACHE2_MODULE_TRUE=''
BUILD_DOCS_FALSE=''
BUILD_DOCS_TRUE=''
BUILD_MLOGC_FALSE=''
BUILD_MLOGC_TRUE=''
BUILD_STANDALONE_MODULE_FALSE=''
BUILD_STANDALONE_MODULE_TRUE=''
BUILD_extentions_FALSE=''
BUILD_extentions_TRUE=''
CC='gcc'
CCDEPMODE='depmode=gcc3'
CFLAGS='-g -O2'
CPP='gcc -E'
CPPFLAGS=''
CURL_CFLAGS=''
CURL_CONFIG=''
CURL_CPPFLAGS=''
CURL_LDADD=''
CURL_LDFLAGS=''
CURL_USES_GNUTLS=''
CURL_VERSION=''
CYGPATH_W='echo'
DEFS=''
DEPDIR='.deps'
DSYMUTIL=''
DUMPBIN=''
ECHO_C=''
ECHO_N='-n'
ECHO_T=''
EGREP='/bin/grep -E'
ENV_CMD=''
EXEEXT=''
EXTRA_CFLAGS=''
FGREP='/bin/grep -F'
FREEBSD_FALSE=''
FREEBSD_TRUE=''
GREP='/bin/grep'
HPUX_FALSE=''
HPUX_TRUE=''
INSTALL_DATA='${INSTALL} -m 644'
INSTALL_PROGRAM='${INSTALL}'
INSTALL_SCRIPT='${INSTALL}'
INSTALL_STRIP_PROGRAM='$(install_sh) -c -s'
LD='/usr/bin/ld -m elf_x86_64'
LDFLAGS=' -Wl,-rpath -Wl,/foo'
LIBOBJS=''
LIBS=''
LIBTOOL='$(SHELL) $(top_builddir)/libtool'
LIBXML2_CFLAGS=''
LIBXML2_CONFIG=''
LIBXML2_CPPFLAGS=''
LIBXML2_LDADD=''
LIBXML2_LDFLAGS=''
LIBXML2_VERSION=''
LINUX390_FALSE=''
LINUX390_TRUE=''
LINUX_FALSE=''
LINUX_TRUE=''
LIPO=''
LN_S='ln -s'
LTLIBOBJS=''
LUA_CFLAGS=''
LUA_LDADD=''
LUA_LDFLAGS=''
MACOSX_FALSE=''
MACOSX_TRUE=''
MAKEINFO='${SHELL} /opt/ModSecurity/build/missing --run makeinfo'
MKDIR_P='/bin/mkdir -p'
MODSEC_APXS_EXTRA_CFLAGS=''
MODSEC_EXTRA_CFLAGS=''
MSC_BASE_DIR=''
MSC_PKGBASE_DIR=''
MSC_REGRESSION_CONF_DIR=''
MSC_REGRESSION_DIR=''
MSC_REGRESSION_DOCROOT_DIR=''
MSC_REGRESSION_LOGS_DIR=''
MSC_REGRESSION_SERVERROOT_DIR=''
MSC_TEST_DIR=''
NETBSD_FALSE=''
NETBSD_TRUE=''
NM='/usr/bin/nm -B'
NMEDIT=''
OBJDUMP='objdump'
OBJEXT='o'
OPENBSD_FALSE=''
OPENBSD_TRUE=''
OTOOL64=''
OTOOL=''
PACKAGE='modsecurity'
PACKAGE_BUGREPORT='support@modsecurity.org'
PACKAGE_NAME='modsecurity'
PACKAGE_STRING='modsecurity 2.8'
PACKAGE_TARNAME='modsecurity'
PACKAGE_VERSION='2.8'
PATH_SEPARATOR=':'
PCRE_CFLAGS=''
PCRE_CONFIG=''
PCRE_CPPFLAGS=''
PCRE_LDADD=''
PCRE_LDFLAGS=''
PCRE_LD_PATH=''
PCRE_VERSION=''
PERL=''
PKG_CONFIG=''
RANLIB='ranlib'
SED='/bin/sed'
SET_MAKE=''
SHELL='/bin/sh'
SOLARIS_FALSE=''
SOLARIS_TRUE=''
STRIP='strip'
TOPLEVEL_SUBDIRS=''
VERSION='2.8'
YAJL_CFLAGS=''
YAJL_LDADD=''
YAJL_LDFLAGS=''
YAJL_LIBS=''
ac_ct_CC='gcc'
ac_ct_DUMPBIN=''
am__EXEEXT_FALSE=''
am__EXEEXT_TRUE=''
am__fastdepCC_FALSE='#'
am__fastdepCC_TRUE=''
am__include='include'
am__isrc=''
am__leading_dot='.'
am__quote=''
am__tar='${AMTAR} chof - "$$tardir"'
am__untar='${AMTAR} xf -'
bindir='${exec_prefix}/bin'
build='x86_64-unknown-linux-gnu'
build_alias=''
build_cpu='x86_64'
build_os='linux-gnu'
build_vendor='unknown'
datadir='${datarootdir}'
datarootdir='${prefix}/share'
docdir='${datarootdir}/doc/${PACKAGE_TARNAME}'
dvidir='${docdir}'
exec_prefix='NONE'
host='x86_64-unknown-linux-gnu'
host_alias=''
host_cpu='x86_64'
host_os='linux-gnu'
host_vendor='unknown'
htmldir='${docdir}'
includedir='${prefix}/include'
infodir='${datarootdir}/info'
install_sh='${SHELL} /opt/ModSecurity/build/install-sh'
libdir='/foo'
libexecdir='${exec_prefix}/libexec'
localedir='${datarootdir}/locale'
localstatedir='${prefix}/var'
lt_ECHO='echo'
mandir='${datarootdir}/man'
mkdir_p='/bin/mkdir -p'
oldincludedir='/usr/include'
pdfdir='${docdir}'
prefix='NONE'
program_transform_name='s,x,x,'
psdir='${docdir}'
sbindir='${exec_prefix}/sbin'
sharedstatedir='${prefix}/com'
sysconfdir='${prefix}/etc'
target_alias=''

configure: caught signal 1
configure: exit 1
